Watching for file changes with StatReloader
[27/May/2026 21:57:37] "GET / HTTP/1.1" 200 9736
[27/May/2026 21:57:41] "GET / HTTP/1.1" 200 9736
[27/May/2026 21:57:41] "GET /static/css/base.css HTTP/1.1" 200 1706
Not Found: /favicon.ico
[27/May/2026 21:57:42] "GET /favicon.ico HTTP/1.1" 404 3003
[27/May/2026 21:57:52] "GET /blog/ HTTP/1.1" 200 6797
[27/May/2026 21:57:52] "GET /static/css/base.css HTTP/1.1" 304 0
[27/May/2026 21:58:03] "GET /accounts/login/ HTTP/1.1" 200 6659
[27/May/2026 21:58:03] "GET /static/css/base.css HTTP/1.1" 304 0
[27/May/2026 21:58:14] "GET /accounts/register/ HTTP/1.1" 200 7792
[27/May/2026 21:58:15] "GET /static/css/base.css HTTP/1.1" 304 0
[27/May/2026 21:58:25] "GET /admin/ HTTP/1.1" 302 0
[27/May/2026 21:58:25] "GET /admin/login/?next=/admin/ HTTP/1.1" 200 4080
[27/May/2026 21:58:25] "GET /static/admin/css/base.css HTTP/1.1" 200 23100
[27/May/2026 21:58:25] "GET /static/admin/css/dark_mode.css HTTP/1.1" 200 3538
[27/May/2026 21:58:25] "GET /static/admin/css/responsive.css HTTP/1.1" 200 16273
[27/May/2026 21:58:25] "GET /static/admin/js/theme.js HTTP/1.1" 200 1653
[27/May/2026 21:58:25] "GET /static/admin/css/nav_sidebar.css HTTP/1.1" 200 2810
[27/May/2026 21:58:25] "GET /static/admin/css/login.css HTTP/1.1" 200 951
[27/May/2026 21:58:25] "GET /static/admin/js/nav_sidebar.js HTTP/1.1" 200 3063
[27/May/2026 21:58:47] "POST /admin/login/?next=/admin/ HTTP/1.1" 302 0
[27/May/2026 21:58:47] "GET /admin/ HTTP/1.1" 200 8644
[27/May/2026 21:58:47] "GET /static/admin/css/dashboard.css HTTP/1.1" 200 441
[27/May/2026 21:58:48] "GET /static/admin/img/icon-addlink.svg HTTP/1.1" 200 593
[27/May/2026 21:58:48] "GET /static/admin/img/icon-changelink.svg HTTP/1.1" 200 978
[27/May/2026 21:58:58] "GET /admin/blog/post/add/ HTTP/1.1" 200 15023
[27/May/2026 21:58:58] "GET /static/admin/css/forms.css HTTP/1.1" 200 8831
[27/May/2026 21:58:58] "GET /static/admin/js/core.js HTTP/1.1" 200 6208
[27/May/2026 21:58:58] "GET /static/admin/js/vendor/jquery/jquery.js HTTP/1.1" 200 285314
[27/May/2026 21:58:58] "GET /static/admin/js/urlify.js HTTP/1.1" 200 7887
[27/May/2026 21:58:58] "GET /static/admin/js/prepopulate.js HTTP/1.1" 200 1531
[27/May/2026 21:58:58] "GET /static/admin/js/jquery.init.js HTTP/1.1" 200 347
[27/May/2026 21:58:58] "GET /static/admin/js/vendor/xregexp/xregexp.js HTTP/1.1" 200 325171
[27/May/2026 21:58:58] "GET /static/admin/js/admin/RelatedObjectLookups.js HTTP/1.1" 200 9777
[27/May/2026 21:58:58] "GET /static/admin/js/actions.js HTTP/1.1" 200 8076
[27/May/2026 21:58:58] "GET /admin/jsi18n/ HTTP/1.1" 200 3342
[27/May/2026 21:58:58] "GET /static/admin/js/prepopulate_init.js HTTP/1.1" 200 586
[27/May/2026 21:58:58] "GET /static/admin/css/widgets.css HTTP/1.1" 200 11811
[27/May/2026 21:58:58] "GET /static/admin/img/icon-viewlink.svg HTTP/1.1" 200 928
[27/May/2026 21:58:58] "GET /static/admin/js/change_form.js HTTP/1.1" 200 606
[27/May/2026 22:00:19] "GET /blog/ HTTP/1.1" 200 21341
[27/May/2026 22:00:19] "GET /static/css/base.css HTTP/1.1" 304 0
Not Found: /media/avatars/default.png
[27/May/2026 22:00:19] "GET /media/avatars/default.png HTTP/1.1" 404 3088
[27/May/2026 22:00:32] "GET /blog/2026/5/27/bootstrap-5-components-overview/ HTTP/1.1" 200 15255
Not Found: /media/avatars/default.png
[27/May/2026 22:00:33] "GET /media/avatars/default.png HTTP/1.1" 404 3088
Not Found: /media/avatars/default.png
[27/May/2026 22:00:33] "GET /media/avatars/default.png HTTP/1.1" 404 3088
[27/May/2026 22:00:44] "GET /blog/search/?q=django HTTP/1.1" 200 14355
[27/May/2026 22:00:45] "GET /static/css/base.css HTTP/1.1" 304 0
Not Found: /media/avatars/default.png
[27/May/2026 22:00:45] "GET /media/avatars/default.png HTTP/1.1" 404 3088
[27/May/2026 22:00:58] "GET /blog/tag/python/ HTTP/1.1" 200 14494
Not Found: /media/avatars/default.png
[27/May/2026 22:00:58] "GET /media/avatars/default.png HTTP/1.1" 404 3088
[27/May/2026 22:01:08] "GET /blog/about/ HTTP/1.1" 200 9758
Not Found: /media/avatars/default.png
[27/May/2026 22:01:08] "GET /media/avatars/default.png HTTP/1.1" 404 3088
[27/May/2026 22:01:18] "GET /accounts/profile/ HTTP/1.1" 200 8611
[27/May/2026 22:01:18] "GET /static/css/base.css HTTP/1.1" 304 0
Not Found: /media/avatars/default.png
[27/May/2026 22:01:18] "GET /media/avatars/default.png HTTP/1.1" 404 3088
Not Found: /media/avatars/default.png
[27/May/2026 22:01:18] "GET /media/avatars/default.png HTTP/1.1" 404 3088
[27/May/2026 22:01:36] "GET / HTTP/1.1" 200 12426
Not Found: /media/avatars/default.png
[27/May/2026 22:01:36] "GET /media/avatars/default.png HTTP/1.1" 404 3088
[27/May/2026 22:01:50] "GET /blog/ HTTP/1.1" 200 21341
[27/May/2026 22:01:50] "GET /static/css/base.css HTTP/1.1" 304 0
Not Found: /media/avatars/default.png
[27/May/2026 22:01:50] "GET /media/avatars/default.png HTTP/1.1" 404 3088
[27/May/2026 22:02:00] "GET /blog/ HTTP/1.1" 200 21341
Not Found: /media/avatars/default.png
[27/May/2026 22:02:01] "GET /media/avatars/default.png HTTP/1.1" 404 3088
[27/May/2026 22:02:14] "GET /blog/2026/5/27/welcome-to-django-blog/ HTTP/1.1" 200 15408
Not Found: /media/avatars/default.png
[27/May/2026 22:02:15] "GET /media/avatars/default.png HTTP/1.1" 404 3088
Not Found: /media/avatars/default.png
[27/May/2026 22:02:15] "GET /media/avatars/default.png HTTP/1.1" 404 3088
[27/May/2026 22:02:25] "GET /blog/2026/5/27/welcome-to-django-blog/ HTTP/1.1" 200 15408
[27/May/2026 22:02:25] "GET /static/css/base.css HTTP/1.1" 304 0
Not Found: /media/avatars/default.png
[27/May/2026 22:02:25] "GET /media/avatars/default.png HTTP/1.1" 404 3088
Not Found: /media/avatars/default.png
[27/May/2026 22:02:26] "GET /media/avatars/default.png HTTP/1.1" 404 3088
